<?xml version="1.0" encoding="UTF-8"?>
<!-- Generated by org.testng.reporters.JUnitReportReporter -->
<testsuite hostname="DESKTOP-81U3LVR" name="TracksPageScripts.Linkedin_SignUp_PageScripts" tests="5" failures="0" timestamp="8 Jun 2018 17:04:24 GMT" time="26.816" errors="0">
  <testcase name="secondTestCase" time="4.864" classname="TracksPageScripts.Linkedin_SignUp_PageScripts"/>
  <testcase name="fourthTestCase" time="4.723" classname="TracksPageScripts.Linkedin_SignUp_PageScripts"/>
  <testcase name="thirdTestCase" time="4.553" classname="TracksPageScripts.Linkedin_SignUp_PageScripts"/>
  <testcase name="firstTestCase" time="8.136" classname="TracksPageScripts.Linkedin_SignUp_PageScripts"/>
  <testcase name="fifthTestCase" time="4.540" classname="TracksPageScripts.Linkedin_SignUp_PageScripts"/>
</testsuite> <!-- TracksPageScripts.Linkedin_SignUp_PageScripts -->
